<?xml version="1.0" encoding="UTF-8"?>
<testsuite xmlns:xsi="http://www.w3.org/2001/XMLSchema-instance" xsi:noNamespaceSchemaLocation="https://maven.apache.org/surefire/maven-surefire-plugin/xsd/surefire-test-report.xsd" version="3.0.2" name="com.mohitul.blog_apps_demo.BlogAppsDemoApplicationTests" time="4.336" tests="1" errors="0" skipped="0" failures="0">
  <properties>
    <property name="java.specification.version" value="21"/>
    <property name="sun.jnu.encoding" value="UTF-8"/>
    <property name="java.class.path" value="/media/grio/tutorials/githubclone/SpringBoot-Playground/blog_application/target/test-classes:/media/grio/tutorials/githubclone/SpringBoot-Playground/blog_application/target/classes:/home/grio/.m2/repository/org/springframework/boot/spring-boot-starter-data-jpa/3.4.0-SNAPSHOT/spring-boot-starter-data-jpa-3.4.0-SNAPSHOT.jar:/home/grio/.m2/repository/org/springframework/boot/spring-boot-starter-aop/3.4.0-SNAPSHOT/spring-boot-starter-aop-3.4.0-SNAPSHOT.jar:/home/grio/.m2/repository/org/springframework/spring-aop/6.2.0-M7/spring-aop-6.2.0-M7.jar:/home/grio/.m2/repository/org/aspectj/aspectjweaver/1.9.22.1/aspectjweaver-1.9.22.1.jar:/home/grio/.m2/repository/org/springframework/boot/spring-boot-starter-jdbc/3.4.0-SNAPSHOT/spring-boot-starter-jdbc-3.4.0-SNAPSHOT.jar:/home/grio/.m2/repository/com/zaxxer/HikariCP/5.1.0/HikariCP-5.1.0.jar:/home/grio/.m2/repository/org/springframework/spring-jdbc/6.2.0-M7/spring-jdbc-6.2.0-M7.jar:/home/grio/.m2/repository/org/hibernate/orm/hibernate-core/6.6.0.Final/hibernate-core-6.6.0.Final.jar:/home/grio/.m2/repository/jakarta/persistence/jakarta.persistence-api/3.1.0/jakarta.persistence-api-3.1.0.jar:/home/grio/.m2/repository/jakarta/transaction/jakarta.transaction-api/2.0.1/jakarta.transaction-api-2.0.1.jar:/home/grio/.m2/repository/org/jboss/logging/jboss-logging/3.6.0.Final/jboss-logging-3.6.0.Final.jar:/home/grio/.m2/repository/org/hibernate/common/hibernate-commons-annotations/7.0.1.Final/hibernate-commons-annotations-7.0.1.Final.jar:/home/grio/.m2/repository/io/smallrye/jandex/3.2.0/jandex-3.2.0.jar:/home/grio/.m2/repository/com/fasterxml/classmate/1.7.0/classmate-1.7.0.jar:/home/grio/.m2/repository/net/bytebuddy/byte-buddy/1.14.19/byte-buddy-1.14.19.jar:/home/grio/.m2/repository/org/glassfish/jaxb/jaxb-runtime/4.0.5/jaxb-runtime-4.0.5.jar:/home/grio/.m2/repository/org/glassfish/jaxb/jaxb-core/4.0.5/jaxb-core-4.0.5.jar:/home/grio/.m2/repository/org/eclipse/angus/angus-activation/2.0.2/angus-activation-2.0.2.jar:/home/grio/.m2/repository/org/glassfish/jaxb/txw2/4.0.5/txw2-4.0.5.jar:/home/grio/.m2/repository/com/sun/istack/istack-commons-runtime/4.1.2/istack-commons-runtime-4.1.2.jar:/home/grio/.m2/repository/jakarta/inject/jakarta.inject-api/2.0.1/jakarta.inject-api-2.0.1.jar:/home/grio/.m2/repository/org/antlr/antlr4-runtime/4.13.0/antlr4-runtime-4.13.0.jar:/home/grio/.m2/repository/org/springframework/data/spring-data-jpa/3.3.3/spring-data-jpa-3.3.3.jar:/home/grio/.m2/repository/org/springframework/data/spring-data-commons/3.3.3/spring-data-commons-3.3.3.jar:/home/grio/.m2/repository/org/springframework/spring-orm/6.2.0-M7/spring-orm-6.2.0-M7.jar:/home/grio/.m2/repository/org/springframework/spring-context/6.2.0-M7/spring-context-6.2.0-M7.jar:/home/grio/.m2/repository/org/springframework/spring-tx/6.2.0-M7/spring-tx-6.2.0-M7.jar:/home/grio/.m2/repository/org/springframework/spring-beans/6.2.0-M7/spring-beans-6.2.0-M7.jar:/home/grio/.m2/repository/jakarta/annotation/jakarta.annotation-api/2.1.1/jakarta.annotation-api-2.1.1.jar:/home/grio/.m2/repository/org/slf4j/slf4j-api/2.0.16/slf4j-api-2.0.16.jar:/home/grio/.m2/repository/org/springframework/spring-aspects/6.2.0-M7/spring-aspects-6.2.0-M7.jar:/home/grio/.m2/repository/org/springframework/boot/spring-boot-starter-web/3.4.0-SNAPSHOT/spring-boot-starter-web-3.4.0-SNAPSHOT.jar:/home/grio/.m2/repository/org/springframework/boot/spring-boot-starter/3.4.0-SNAPSHOT/spring-boot-starter-3.4.0-SNAPSHOT.jar:/home/grio/.m2/repository/org/springframework/boot/spring-boot-starter-logging/3.4.0-SNAPSHOT/spring-boot-starter-logging-3.4.0-SNAPSHOT.jar:/home/grio/.m2/repository/ch/qos/logback/logback-classic/1.5.7/logback-classic-1.5.7.jar:/home/grio/.m2/repository/ch/qos/logback/logback-core/1.5.7/logback-core-1.5.7.jar:/home/grio/.m2/repository/org/apache/logging/log4j/log4j-to-slf4j/2.23.1/log4j-to-slf4j-2.23.1.jar:/home/grio/.m2/repository/org/apache/logging/log4j/log4j-api/2.23.1/log4j-api-2.23.1.jar:/home/grio/.m2/repository/org/slf4j/jul-to-slf4j/2.0.16/jul-to-slf4j-2.0.16.jar:/home/grio/.m2/repository/org/yaml/snakeyaml/2.2/snakeyaml-2.2.jar:/home/grio/.m2/repository/org/springframework/boot/spring-boot-starter-json/3.4.0-SNAPSHOT/spring-boot-starter-json-3.4.0-SNAPSHOT.jar:/home/grio/.m2/repository/com/fasterxml/jackson/core/jackson-databind/2.17.2/jackson-databind-2.17.2.jar:/home/grio/.m2/repository/com/fasterxml/jackson/core/jackson-annotations/2.17.2/jackson-annotations-2.17.2.jar:/home/grio/.m2/repository/com/fasterxml/jackson/core/jackson-core/2.17.2/jackson-core-2.17.2.jar:/home/grio/.m2/repository/com/fasterxml/jackson/datatype/jackson-datatype-jdk8/2.17.2/jackson-datatype-jdk8-2.17.2.jar:/home/grio/.m2/repository/com/fasterxml/jackson/datatype/jackson-datatype-jsr310/2.17.2/jackson-datatype-jsr310-2.17.2.jar:/home/grio/.m2/repository/com/fasterxml/jackson/module/jackson-module-parameter-names/2.17.2/jackson-module-parameter-names-2.17.2.jar:/home/grio/.m2/repository/org/springframework/boot/spring-boot-starter-tomcat/3.4.0-SNAPSHOT/spring-boot-starter-tomcat-3.4.0-SNAPSHOT.jar:/home/grio/.m2/repository/org/apache/tomcat/embed/tomcat-embed-core/10.1.28/tomcat-embed-core-10.1.28.jar:/home/grio/.m2/repository/org/apache/tomcat/embed/tomcat-embed-el/10.1.28/tomcat-embed-el-10.1.28.jar:/home/grio/.m2/repository/org/apache/tomcat/embed/tomcat-embed-websocket/10.1.28/tomcat-embed-websocket-10.1.28.jar:/home/grio/.m2/repository/org/springframework/spring-web/6.2.0-M7/spring-web-6.2.0-M7.jar:/home/grio/.m2/repository/io/micrometer/micrometer-observation/1.14.0-M2/micrometer-observation-1.14.0-M2.jar:/home/grio/.m2/repository/io/micrometer/micrometer-commons/1.14.0-M2/micrometer-commons-1.14.0-M2.jar:/home/grio/.m2/repository/org/springframework/spring-webmvc/6.2.0-M7/spring-webmvc-6.2.0-M7.jar:/home/grio/.m2/repository/org/springframework/spring-expression/6.2.0-M7/spring-expression-6.2.0-M7.jar:/home/grio/.m2/repository/org/springframework/boot/spring-boot-devtools/3.4.0-SNAPSHOT/spring-boot-devtools-3.4.0-SNAPSHOT.jar:/home/grio/.m2/repository/org/springframework/boot/spring-boot/3.4.0-SNAPSHOT/spring-boot-3.4.0-SNAPSHOT.jar:/home/grio/.m2/repository/org/springframework/boot/spring-boot-autoconfigure/3.4.0-SNAPSHOT/spring-boot-autoconfigure-3.4.0-SNAPSHOT.jar:/home/grio/.m2/repository/com/mysql/mysql-connector-j/9.0.0/mysql-connector-j-9.0.0.jar:/home/grio/.m2/repository/org/postgresql/postgresql/42.7.3/postgresql-42.7.3.jar:/home/grio/.m2/repository/org/checkerframework/checker-qual/3.42.0/checker-qual-3.42.0.jar:/home/grio/.m2/repository/org/projectlombok/lombok/1.18.34/lombok-1.18.34.jar:/home/grio/.m2/repository/org/springframework/boot/spring-boot-starter-test/3.4.0-SNAPSHOT/spring-boot-starter-test-3.4.0-SNAPSHOT.jar:/home/grio/.m2/repository/org/springframework/boot/spring-boot-test/3.4.0-SNAPSHOT/spring-boot-test-3.4.0-SNAPSHOT.jar:/home/grio/.m2/repository/org/springframework/boot/spring-boot-test-autoconfigure/3.4.0-SNAPSHOT/spring-boot-test-autoconfigure-3.4.0-SNAPSHOT.jar:/home/grio/.m2/repository/com/jayway/jsonpath/json-path/2.9.0/json-path-2.9.0.jar:/home/grio/.m2/repository/jakarta/xml/bind/jakarta.xml.bind-api/4.0.2/jakarta.xml.bind-api-4.0.2.jar:/home/grio/.m2/repository/jakarta/activation/jakarta.activation-api/2.1.3/jakarta.activation-api-2.1.3.jar:/home/grio/.m2/repository/net/minidev/json-smart/2.5.1/json-smart-2.5.1.jar:/home/grio/.m2/repository/net/minidev/accessors-smart/2.5.1/accessors-smart-2.5.1.jar:/home/grio/.m2/repository/org/ow2/asm/asm/9.6/asm-9.6.jar:/home/grio/.m2/repository/org/assertj/assertj-core/3.26.3/assertj-core-3.26.3.jar:/home/grio/.m2/repository/org/awaitility/awaitility/4.2.2/awaitility-4.2.2.jar:/home/grio/.m2/repository/org/hamcrest/hamcrest/2.2/hamcrest-2.2.jar:/home/grio/.m2/repository/org/junit/jupiter/junit-jupiter/5.11.0/junit-jupiter-5.11.0.jar:/home/grio/.m2/repository/org/junit/jupiter/junit-jupiter-api/5.11.0/junit-jupiter-api-5.11.0.jar:/home/grio/.m2/repository/org/opentest4j/opentest4j/1.3.0/opentest4j-1.3.0.jar:/home/grio/.m2/repository/org/junit/platform/junit-platform-commons/1.11.0/junit-platform-commons-1.11.0.jar:/home/grio/.m2/repository/org/apiguardian/apiguardian-api/1.1.2/apiguardian-api-1.1.2.jar:/home/grio/.m2/repository/org/junit/jupiter/junit-jupiter-params/5.11.0/junit-jupiter-params-5.11.0.jar:/home/grio/.m2/repository/org/junit/jupiter/junit-jupiter-engine/5.11.0/junit-jupiter-engine-5.11.0.jar:/home/grio/.m2/repository/org/junit/platform/junit-platform-engine/1.11.0/junit-platform-engine-1.11.0.jar:/home/grio/.m2/repository/org/mockito/mockito-core/5.12.0/mockito-core-5.12.0.jar:/home/grio/.m2/repository/net/bytebuddy/byte-buddy-agent/1.14.19/byte-buddy-agent-1.14.19.jar:/home/grio/.m2/repository/org/objenesis/objenesis/3.3/objenesis-3.3.jar:/home/grio/.m2/repository/org/mockito/mockito-junit-jupiter/5.12.0/mockito-junit-jupiter-5.12.0.jar:/home/grio/.m2/repository/org/skyscreamer/jsonassert/1.5.3/jsonassert-1.5.3.jar:/home/grio/.m2/repository/com/vaadin/external/google/android-json/0.0.20131108.vaadin1/android-json-0.0.20131108.vaadin1.jar:/home/grio/.m2/repository/org/springframework/spring-core/6.2.0-M7/spring-core-6.2.0-M7.jar:/home/grio/.m2/repository/org/springframework/spring-jcl/6.2.0-M7/spring-jcl-6.2.0-M7.jar:/home/grio/.m2/repository/org/springframework/spring-test/6.2.0-M7/spring-test-6.2.0-M7.jar:/home/grio/.m2/repository/org/xmlunit/xmlunit-core/2.10.0/xmlunit-core-2.10.0.jar:/home/grio/.m2/repository/org/modelmapper/modelmapper/3.0.0/modelmapper-3.0.0.jar:"/>
    <property name="java.vm.vendor" value="Oracle Corporation"/>
    <property name="sun.arch.data.model" value="64"/>
    <property name="java.vendor.url" value="https://java.oracle.com/"/>
    <property name="user.timezone" value="Asia/Dhaka"/>
    <property name="org.jboss.logging.provider" value="slf4j"/>
    <property name="os.name" value="Linux"/>
    <property name="java.vm.specification.version" value="21"/>
    <property name="APPLICATION_NAME" value="blog-apps-demo"/>
    <property name="sun.java.launcher" value="SUN_STANDARD"/>
    <property name="user.country" value="US"/>
    <property name="sun.boot.library.path" value="/home/grio/.jdks/openjdk-21.0.2/lib"/>
    <property name="sun.java.command" value="/media/grio/tutorials/githubclone/SpringBoot-Playground/blog_application/target/surefire/surefirebooter-20240903060346480_3.jar /media/grio/tutorials/githubclone/SpringBoot-Playground/blog_application/target/surefire 2024-09-03T06-03-46_412-jvmRun1 surefire-20240903060346480_1tmp surefire_0-20240903060346480_2tmp"/>
    <property name="jdk.debug" value="release"/>
    <property name="surefire.test.class.path" value="/media/grio/tutorials/githubclone/SpringBoot-Playground/blog_application/target/test-classes:/media/grio/tutorials/githubclone/SpringBoot-Playground/blog_application/target/classes:/home/grio/.m2/repository/org/springframework/boot/spring-boot-starter-data-jpa/3.4.0-SNAPSHOT/spring-boot-starter-data-jpa-3.4.0-SNAPSHOT.jar:/home/grio/.m2/repository/org/springframework/boot/spring-boot-starter-aop/3.4.0-SNAPSHOT/spring-boot-starter-aop-3.4.0-SNAPSHOT.jar:/home/grio/.m2/repository/org/springframework/spring-aop/6.2.0-M7/spring-aop-6.2.0-M7.jar:/home/grio/.m2/repository/org/aspectj/aspectjweaver/1.9.22.1/aspectjweaver-1.9.22.1.jar:/home/grio/.m2/repository/org/springframework/boot/spring-boot-starter-jdbc/3.4.0-SNAPSHOT/spring-boot-starter-jdbc-3.4.0-SNAPSHOT.jar:/home/grio/.m2/repository/com/zaxxer/HikariCP/5.1.0/HikariCP-5.1.0.jar:/home/grio/.m2/repository/org/springframework/spring-jdbc/6.2.0-M7/spring-jdbc-6.2.0-M7.jar:/home/grio/.m2/repository/org/hibernate/orm/hibernate-core/6.6.0.Final/hibernate-core-6.6.0.Final.jar:/home/grio/.m2/repository/jakarta/persistence/jakarta.persistence-api/3.1.0/jakarta.persistence-api-3.1.0.jar:/home/grio/.m2/repository/jakarta/transaction/jakarta.transaction-api/2.0.1/jakarta.transaction-api-2.0.1.jar:/home/grio/.m2/repository/org/jboss/logging/jboss-logging/3.6.0.Final/jboss-logging-3.6.0.Final.jar:/home/grio/.m2/repository/org/hibernate/common/hibernate-commons-annotations/7.0.1.Final/hibernate-commons-annotations-7.0.1.Final.jar:/home/grio/.m2/repository/io/smallrye/jandex/3.2.0/jandex-3.2.0.jar:/home/grio/.m2/repository/com/fasterxml/classmate/1.7.0/classmate-1.7.0.jar:/home/grio/.m2/repository/net/bytebuddy/byte-buddy/1.14.19/byte-buddy-1.14.19.jar:/home/grio/.m2/repository/org/glassfish/jaxb/jaxb-runtime/4.0.5/jaxb-runtime-4.0.5.jar:/home/grio/.m2/repository/org/glassfish/jaxb/jaxb-core/4.0.5/jaxb-core-4.0.5.jar:/home/grio/.m2/repository/org/eclipse/angus/angus-activation/2.0.2/angus-activation-2.0.2.jar:/home/grio/.m2/repository/org/glassfish/jaxb/txw2/4.0.5/txw2-4.0.5.jar:/home/grio/.m2/repository/com/sun/istack/istack-commons-runtime/4.1.2/istack-commons-runtime-4.1.2.jar:/home/grio/.m2/repository/jakarta/inject/jakarta.inject-api/2.0.1/jakarta.inject-api-2.0.1.jar:/home/grio/.m2/repository/org/antlr/antlr4-runtime/4.13.0/antlr4-runtime-4.13.0.jar:/home/grio/.m2/repository/org/springframework/data/spring-data-jpa/3.3.3/spring-data-jpa-3.3.3.jar:/home/grio/.m2/repository/org/springframework/data/spring-data-commons/3.3.3/spring-data-commons-3.3.3.jar:/home/grio/.m2/repository/org/springframework/spring-orm/6.2.0-M7/spring-orm-6.2.0-M7.jar:/home/grio/.m2/repository/org/springframework/spring-context/6.2.0-M7/spring-context-6.2.0-M7.jar:/home/grio/.m2/repository/org/springframework/spring-tx/6.2.0-M7/spring-tx-6.2.0-M7.jar:/home/grio/.m2/repository/org/springframework/spring-beans/6.2.0-M7/spring-beans-6.2.0-M7.jar:/home/grio/.m2/repository/jakarta/annotation/jakarta.annotation-api/2.1.1/jakarta.annotation-api-2.1.1.jar:/home/grio/.m2/repository/org/slf4j/slf4j-api/2.0.16/slf4j-api-2.0.16.jar:/home/grio/.m2/repository/org/springframework/spring-aspects/6.2.0-M7/spring-aspects-6.2.0-M7.jar:/home/grio/.m2/repository/org/springframework/boot/spring-boot-starter-web/3.4.0-SNAPSHOT/spring-boot-starter-web-3.4.0-SNAPSHOT.jar:/home/grio/.m2/repository/org/springframework/boot/spring-boot-starter/3.4.0-SNAPSHOT/spring-boot-starter-3.4.0-SNAPSHOT.jar:/home/grio/.m2/repository/org/springframework/boot/spring-boot-starter-logging/3.4.0-SNAPSHOT/spring-boot-starter-logging-3.4.0-SNAPSHOT.jar:/home/grio/.m2/repository/ch/qos/logback/logback-classic/1.5.7/logback-classic-1.5.7.jar:/home/grio/.m2/repository/ch/qos/logback/logback-core/1.5.7/logback-core-1.5.7.jar:/home/grio/.m2/repository/org/apache/logging/log4j/log4j-to-slf4j/2.23.1/log4j-to-slf4j-2.23.1.jar:/home/grio/.m2/repository/org/apache/logging/log4j/log4j-api/2.23.1/log4j-api-2.23.1.jar:/home/grio/.m2/repository/org/slf4j/jul-to-slf4j/2.0.16/jul-to-slf4j-2.0.16.jar:/home/grio/.m2/repository/org/yaml/snakeyaml/2.2/snakeyaml-2.2.jar:/home/grio/.m2/repository/org/springframework/boot/spring-boot-starter-json/3.4.0-SNAPSHOT/spring-boot-starter-json-3.4.0-SNAPSHOT.jar:/home/grio/.m2/repository/com/fasterxml/jackson/core/jackson-databind/2.17.2/jackson-databind-2.17.2.jar:/home/grio/.m2/repository/com/fasterxml/jackson/core/jackson-annotations/2.17.2/jackson-annotations-2.17.2.jar:/home/grio/.m2/repository/com/fasterxml/jackson/core/jackson-core/2.17.2/jackson-core-2.17.2.jar:/home/grio/.m2/repository/com/fasterxml/jackson/datatype/jackson-datatype-jdk8/2.17.2/jackson-datatype-jdk8-2.17.2.jar:/home/grio/.m2/repository/com/fasterxml/jackson/datatype/jackson-datatype-jsr310/2.17.2/jackson-datatype-jsr310-2.17.2.jar:/home/grio/.m2/repository/com/fasterxml/jackson/module/jackson-module-parameter-names/2.17.2/jackson-module-parameter-names-2.17.2.jar:/home/grio/.m2/repository/org/springframework/boot/spring-boot-starter-tomcat/3.4.0-SNAPSHOT/spring-boot-starter-tomcat-3.4.0-SNAPSHOT.jar:/home/grio/.m2/repository/org/apache/tomcat/embed/tomcat-embed-core/10.1.28/tomcat-embed-core-10.1.28.jar:/home/grio/.m2/repository/org/apache/tomcat/embed/tomcat-embed-el/10.1.28/tomcat-embed-el-10.1.28.jar:/home/grio/.m2/repository/org/apache/tomcat/embed/tomcat-embed-websocket/10.1.28/tomcat-embed-websocket-10.1.28.jar:/home/grio/.m2/repository/org/springframework/spring-web/6.2.0-M7/spring-web-6.2.0-M7.jar:/home/grio/.m2/repository/io/micrometer/micrometer-observation/1.14.0-M2/micrometer-observation-1.14.0-M2.jar:/home/grio/.m2/repository/io/micrometer/micrometer-commons/1.14.0-M2/micrometer-commons-1.14.0-M2.jar:/home/grio/.m2/repository/org/springframework/spring-webmvc/6.2.0-M7/spring-webmvc-6.2.0-M7.jar:/home/grio/.m2/repository/org/springframework/spring-expression/6.2.0-M7/spring-expression-6.2.0-M7.jar:/home/grio/.m2/repository/org/springframework/boot/spring-boot-devtools/3.4.0-SNAPSHOT/spring-boot-devtools-3.4.0-SNAPSHOT.jar:/home/grio/.m2/repository/org/springframework/boot/spring-boot/3.4.0-SNAPSHOT/spring-boot-3.4.0-SNAPSHOT.jar:/home/grio/.m2/repository/org/springframework/boot/spring-boot-autoconfigure/3.4.0-SNAPSHOT/spring-boot-autoconfigure-3.4.0-SNAPSHOT.jar:/home/grio/.m2/repository/com/mysql/mysql-connector-j/9.0.0/mysql-connector-j-9.0.0.jar:/home/grio/.m2/repository/org/postgresql/postgresql/42.7.3/postgresql-42.7.3.jar:/home/grio/.m2/repository/org/checkerframework/checker-qual/3.42.0/checker-qual-3.42.0.jar:/home/grio/.m2/repository/org/projectlombok/lombok/1.18.34/lombok-1.18.34.jar:/home/grio/.m2/repository/org/springframework/boot/spring-boot-starter-test/3.4.0-SNAPSHOT/spring-boot-starter-test-3.4.0-SNAPSHOT.jar:/home/grio/.m2/repository/org/springframework/boot/spring-boot-test/3.4.0-SNAPSHOT/spring-boot-test-3.4.0-SNAPSHOT.jar:/home/grio/.m2/repository/org/springframework/boot/spring-boot-test-autoconfigure/3.4.0-SNAPSHOT/spring-boot-test-autoconfigure-3.4.0-SNAPSHOT.jar:/home/grio/.m2/repository/com/jayway/jsonpath/json-path/2.9.0/json-path-2.9.0.jar:/home/grio/.m2/repository/jakarta/xml/bind/jakarta.xml.bind-api/4.0.2/jakarta.xml.bind-api-4.0.2.jar:/home/grio/.m2/repository/jakarta/activation/jakarta.activation-api/2.1.3/jakarta.activation-api-2.1.3.jar:/home/grio/.m2/repository/net/minidev/json-smart/2.5.1/json-smart-2.5.1.jar:/home/grio/.m2/repository/net/minidev/accessors-smart/2.5.1/accessors-smart-2.5.1.jar:/home/grio/.m2/repository/org/ow2/asm/asm/9.6/asm-9.6.jar:/home/grio/.m2/repository/org/assertj/assertj-core/3.26.3/assertj-core-3.26.3.jar:/home/grio/.m2/repository/org/awaitility/awaitility/4.2.2/awaitility-4.2.2.jar:/home/grio/.m2/repository/org/hamcrest/hamcrest/2.2/hamcrest-2.2.jar:/home/grio/.m2/repository/org/junit/jupiter/junit-jupiter/5.11.0/junit-jupiter-5.11.0.jar:/home/grio/.m2/repository/org/junit/jupiter/junit-jupiter-api/5.11.0/junit-jupiter-api-5.11.0.jar:/home/grio/.m2/repository/org/opentest4j/opentest4j/1.3.0/opentest4j-1.3.0.jar:/home/grio/.m2/repository/org/junit/platform/junit-platform-commons/1.11.0/junit-platform-commons-1.11.0.jar:/home/grio/.m2/repository/org/apiguardian/apiguardian-api/1.1.2/apiguardian-api-1.1.2.jar:/home/grio/.m2/repository/org/junit/jupiter/junit-jupiter-params/5.11.0/junit-jupiter-params-5.11.0.jar:/home/grio/.m2/repository/org/junit/jupiter/junit-jupiter-engine/5.11.0/junit-jupiter-engine-5.11.0.jar:/home/grio/.m2/repository/org/junit/platform/junit-platform-engine/1.11.0/junit-platform-engine-1.11.0.jar:/home/grio/.m2/repository/org/mockito/mockito-core/5.12.0/mockito-core-5.12.0.jar:/home/grio/.m2/repository/net/bytebuddy/byte-buddy-agent/1.14.19/byte-buddy-agent-1.14.19.jar:/home/grio/.m2/repository/org/objenesis/objenesis/3.3/objenesis-3.3.jar:/home/grio/.m2/repository/org/mockito/mockito-junit-jupiter/5.12.0/mockito-junit-jupiter-5.12.0.jar:/home/grio/.m2/repository/org/skyscreamer/jsonassert/1.5.3/jsonassert-1.5.3.jar:/home/grio/.m2/repository/com/vaadin/external/google/android-json/0.0.20131108.vaadin1/android-json-0.0.20131108.vaadin1.jar:/home/grio/.m2/repository/org/springframework/spring-core/6.2.0-M7/spring-core-6.2.0-M7.jar:/home/grio/.m2/repository/org/springframework/spring-jcl/6.2.0-M7/spring-jcl-6.2.0-M7.jar:/home/grio/.m2/repository/org/springframework/spring-test/6.2.0-M7/spring-test-6.2.0-M7.jar:/home/grio/.m2/repository/org/xmlunit/xmlunit-core/2.10.0/xmlunit-core-2.10.0.jar:/home/grio/.m2/repository/org/modelmapper/modelmapper/3.0.0/modelmapper-3.0.0.jar:"/>
    <property name="sun.cpu.endian" value="little"/>
    <property name="user.home" value="/home/grio"/>
    <property name="user.language" value="en"/>
    <property name="java.specification.vendor" value="Oracle Corporation"/>
    <property name="java.version.date" value="2024-01-16"/>
    <property name="java.home" value="/home/grio/.jdks/openjdk-21.0.2"/>
    <property name="file.separator" value="/"/>
    <property name="basedir" value="/media/grio/tutorials/githubclone/SpringBoot-Playground/blog_application"/>
    <property name="java.vm.compressedOopsMode" value="Zero based"/>
    <property name="line.separator" value="&#10;"/>
    <property name="java.vm.specification.vendor" value="Oracle Corporation"/>
    <property name="java.specification.name" value="Java Platform API Specification"/>
    <property name="FILE_LOG_CHARSET" value="UTF-8"/>
    <property name="java.awt.headless" value="true"/>
    <property name="surefire.real.class.path" value="/media/grio/tutorials/githubclone/SpringBoot-Playground/blog_application/target/surefire/surefirebooter-20240903060346480_3.jar"/>
    <property name="sun.management.compiler" value="HotSpot 64-Bit Tiered Compilers"/>
    <property name="java.runtime.version" value="21.0.2+13-58"/>
    <property name="user.name" value="grio"/>
    <property name="stdout.encoding" value="UTF-8"/>
    <property name="path.separator" value=":"/>
    <property name="os.version" value="6.8.0-40-generic"/>
    <property name="java.runtime.name" value="OpenJDK Runtime Environment"/>
    <property name="file.encoding" value="UTF-8"/>
    <property name="java.vm.name" value="OpenJDK 64-Bit Server VM"/>
    <property name="localRepository" value="/home/grio/.m2/repository"/>
    <property name="java.vendor.url.bug" value="https://bugreport.java.com/bugreport/"/>
    <property name="java.io.tmpdir" value="/tmp"/>
    <property name="idea.version" value="2023.3.2"/>
    <property name="com.zaxxer.hikari.pool_number" value="1"/>
    <property name="java.version" value="21.0.2"/>
    <property name="user.dir" value="/media/grio/tutorials/githubclone/SpringBoot-Playground/blog_application"/>
    <property name="os.arch" value="amd64"/>
    <property name="java.vm.specification.name" value="Java Virtual Machine Specification"/>
    <property name="PID" value="94996"/>
    <property name="CONSOLE_LOG_CHARSET" value="UTF-8"/>
    <property name="native.encoding" value="UTF-8"/>
    <property name="java.library.path" value="/usr/java/packages/lib:/usr/lib64:/lib64:/lib:/usr/lib"/>
    <property name="java.vm.info" value="mixed mode, sharing"/>
    <property name="stderr.encoding" value="UTF-8"/>
    <property name="java.vendor" value="Oracle Corporation"/>
    <property name="java.vm.version" value="21.0.2+13-58"/>
    <property name="sun.io.unicode.encoding" value="UnicodeLittle"/>
    <property name="java.class.version" value="65.0"/>
    <property name="LOGGED_APPLICATION_NAME" value="[blog-apps-demo] "/>
  </properties>
  <testcase name="contextLoads" classname="com.mohitul.blog_apps_demo.BlogAppsDemoApplicationTests" time="0.409">
    <system-out><![CDATA[06:03:47.078 [main] INFO org.springframework.test.context.support.AnnotationConfigContextLoaderUtils -- Could not detect default configuration classes for test class [com.mohitul.blog_apps_demo.BlogAppsDemoApplicationTests]: BlogAppsDemoApplicationTests does not declare any static, non-private, non-final, nested classes annotated with @Configuration.
06:03:47.174 [main] INFO org.springframework.boot.test.context.SpringBootTestContextBootstrapper -- Found @SpringBootConfiguration com.mohitul.blog_apps_demo.BlogAppsDemoApplication for test class com.mohitul.blog_apps_demo.BlogAppsDemoApplicationTests
06:03:47.315 [main] INFO org.springframework.boot.devtools.restart.RestartApplicationListener -- Restart disabled due to context in which it is running

  .   ____          _            __ _ _
 /\\ / ___'_ __ _ _(_)_ __  __ _ \ \ \ \
( ( )\___ | '_ | '_| | '_ \/ _` | \ \ \ \
 \\/  ___)| |_)| | | | | || (_| |  ) ) ) )
  '  |____| .__|_| |_|_| |_\__, | / / / /
 =========|_|==============|___/=/_/_/_/

 :: Spring Boot ::       (v3.4.0-SNAPSHOT)

2024-09-03T06:03:47.554+06:00  INFO 94996 --- [blog-apps-demo] [           main] c.m.b.BlogAppsDemoApplicationTests       : Starting BlogAppsDemoApplicationTests using Java 21.0.2 with PID 94996 (started by grio in /media/grio/tutorials/githubclone/SpringBoot-Playground/blog_application)
2024-09-03T06:03:47.555+06:00  INFO 94996 --- [blog-apps-demo] [           main] c.m.b.BlogAppsDemoApplicationTests       : No active profile set, falling back to 1 default profile: "default"
2024-09-03T06:03:48.133+06:00  INFO 94996 --- [blog-apps-demo] [           main] .s.d.r.c.RepositoryConfigurationDelegate : Bootstrapping Spring Data JPA repositories in DEFAULT mode.
2024-09-03T06:03:48.182+06:00  INFO 94996 --- [blog-apps-demo] [           main] .s.d.r.c.RepositoryConfigurationDelegate : Finished Spring Data repository scanning in 42 ms. Found 1 JPA repository interface.
2024-09-03T06:03:48.598+06:00  INFO 94996 --- [blog-apps-demo] [           main] o.hibernate.jpa.internal.util.LogHelper  : HHH000204: Processing PersistenceUnitInfo [name: default]
2024-09-03T06:03:48.658+06:00  INFO 94996 --- [blog-apps-demo] [           main] org.hibernate.Version                    : HHH000412: Hibernate ORM core version 6.6.0.Final
2024-09-03T06:03:48.687+06:00  INFO 94996 --- [blog-apps-demo] [           main] o.h.c.internal.RegionFactoryInitiator    : HHH000026: Second-level cache disabled
2024-09-03T06:03:49.004+06:00  INFO 94996 --- [blog-apps-demo] [           main] o.s.o.j.p.SpringPersistenceUnitInfo      : No LoadTimeWeaver setup: ignoring JPA class transformer
2024-09-03T06:03:49.037+06:00  INFO 94996 --- [blog-apps-demo] [           main] com.zaxxer.hikari.HikariDataSource       : HikariPool-1 - Starting...
2024-09-03T06:03:49.296+06:00  INFO 94996 --- [blog-apps-demo] [           main] com.zaxxer.hikari.pool.HikariPool        : HikariPool-1 - Added connection org.postgresql.jdbc.PgConnection@6f24ce45
2024-09-03T06:03:49.298+06:00  INFO 94996 --- [blog-apps-demo] [           main] com.zaxxer.hikari.HikariDataSource       : HikariPool-1 - Start completed.
2024-09-03T06:03:49.331+06:00  WARN 94996 --- [blog-apps-demo] [           main] org.hibernate.orm.deprecation            : HHH90000025: PostgreSQLDialect does not need to be specified explicitly using 'hibernate.dialect' (remove the property setting and it will be selected by default)
2024-09-03T06:03:49.355+06:00  INFO 94996 --- [blog-apps-demo] [           main] org.hibernate.orm.connections.pooling    : HHH10001005: Database info:
	Database JDBC URL [Connecting through datasourcenull]
	Database driver: undefined/unknown
	Database version: 16.4
	Autocommit mode: undefined/unknown
	Isolation level: undefined/unknown
	Minimum pool size: undefined/unknown
	Maximum pool size: undefined/unknown
2024-09-03T06:03:50.103+06:00  INFO 94996 --- [blog-apps-demo] [           main] o.h.e.t.j.p.i.JtaPlatformInitiator       : HHH000489: No JTA platform available (set 'hibernate.transaction.jta.platform' to enable JTA platform integration)
2024-09-03T06:03:50.138+06:00  INFO 94996 --- [blog-apps-demo] [           main] j.LocalContainerEntityManagerFactoryBean : Initialized JPA EntityManagerFactory for persistence unit 'default'
2024-09-03T06:03:50.518+06:00  WARN 94996 --- [blog-apps-demo] [           main] JpaBaseConfiguration$JpaWebConfiguration : spring.jpa.open-in-view is enabled by default. Therefore, database queries may be performed during view rendering. Explicitly configure spring.jpa.open-in-view to disable this warning
2024-09-03T06:03:50.854+06:00  INFO 94996 --- [blog-apps-demo] [           main] c.m.b.BlogAppsDemoApplicationTests       : Started BlogAppsDemoApplicationTests in 3.553 seconds (process running for 4.313)
]]></system-out>
    <system-err><![CDATA[WARNING: A Java agent has been loaded dynamically (/home/grio/.m2/repository/net/bytebuddy/byte-buddy-agent/1.14.19/byte-buddy-agent-1.14.19.jar)
WARNING: If a serviceability tool is in use, please run with -XX:+EnableDynamicAgentLoading to hide this warning
WARNING: If a serviceability tool is not in use, please run with -Djdk.instrument.traceUsage for more information
WARNING: Dynamic loading of agents will be disallowed by default in a future release
]]></system-err>
  </testcase>
</testsuite>